<?xml version="1.0" encoding="UTF-8"?>
<testng-results ignored="0" total="2" passed="1" failed="1" skipped="0">
  <reporter-output>
  </reporter-output>
  <suite started-at="2025-07-15T17:41:45 IST" name="Suite" finished-at="2025-07-15T17:42:50 IST" duration-ms="64678">
    <groups>
    </groups>
    <test started-at="2025-07-15T17:41:45 IST" name="Test1" finished-at="2025-07-15T17:42:50 IST" duration-ms="64678">
      <class name="testCases.TC_002_SecondTestCase">
        <test-method is-config="true" signature="setup(java.lang.String,java.lang.String)[pri:0, instance:testCases.TC_002_SecondTestCase@1c1bbc4e]" started-at="2025-07-15T17:41:45 IST" name="setup" finished-at="2025-07-15T17:41:53 IST" duration-ms="7200" status="PASS">
          <params>
            <param index="0">
              <value>
                <![CDATA[Windows]]>
              </value>
            </param>
            <param index="1">
              <value>
                <![CDATA[chrome]]>
              </value>
            </param>
          </params>
          <reporter-output>
          </reporter-output>
        </test-method> <!-- setup -->
        <test-method signature="fill_details(java.lang.String,java.lang.String,java.lang.String,java.lang.String,java.lang.String,java.lang.String,java.lang.String,java.lang.String,java.lang.String,java.lang.String,java.lang.String)[pri:0, instance:testCases.TC_002_SecondTestCase@1c1bbc4e]" started-at="2025-07-15T17:41:54 IST" name="fill_details" data-provider="DP1" finished-at="2025-07-15T17:42:26 IST" duration-ms="31748" status="PASS">
          <params>
            <param index="0">
              <value>
                <![CDATA[Akshat]]>
              </value>
            </param>
            <param index="1">
              <value>
                <![CDATA[Sharma]]>
              </value>
            </param>
            <param index="2">
              <value>
                <![CDATA[akshat@cognizant.com]]>
              </value>
            </param>
            <param index="3">
              <value>
                <![CDATA[9087654321]]>
              </value>
            </param>
            <param index="4">
              <value>
                <![CDATA[2 Year College]]>
              </value>
            </param>
            <param index="5">
              <value>
                <![CDATA[Lovely Professional University]]>
              </value>
            </param>
            <param index="6">
              <value>
                <![CDATA[CEO]]>
              </value>
            </param>
            <param index="7">
              <value>
                <![CDATA[Academic Affairs]]>
              </value>
            </param>
            <param index="8">
              <value>
                <![CDATA[Learner Support]]>
              </value>
            </param>
            <param index="9">
              <value>
                <![CDATA[India]]>
              </value>
            </param>
            <param index="10">
              <value>
                <![CDATA[Goa]]>
              </value>
            </param>
          </params>
          <reporter-output>
          </reporter-output>
        </test-method> <!-- fill_details -->
        <test-method signature="fill_details(java.lang.String,java.lang.String,java.lang.String,java.lang.String,java.lang.String,java.lang.String,java.lang.String,java.lang.String,java.lang.String,java.lang.String,java.lang.String)[pri:0, instance:testCases.TC_002_SecondTestCase@1c1bbc4e]" started-at="2025-07-15T17:42:26 IST" name="fill_details" data-provider="DP1" finished-at="2025-07-15T17:42:44 IST" duration-ms="18250" status="FAIL">
          <params>
            <param index="0">
              <value>
                <![CDATA[Vansh ]]>
              </value>
            </param>
            <param index="1">
              <value>
                <![CDATA[Gourisaria]]>
              </value>
            </param>
            <param index="2">
              <value>
                <![CDATA[vansh@gmail.com]]>
              </value>
            </param>
            <param index="3">
              <value>
                <![CDATA[9987605028]]>
              </value>
            </param>
            <param index="4">
              <value>
                <![CDATA[2 Year College]]>
              </value>
            </param>
            <param index="5">
              <value>
                <![CDATA[Lovely Professional University]]>
              </value>
            </param>
            <param index="6">
              <value>
                <![CDATA[CEO]]>
              </value>
            </param>
            <param index="7">
              <value>
                <![CDATA[Academic Affairs]]>
              </value>
            </param>
            <param index="8">
              <value>
                <![CDATA[Learner Support]]>
              </value>
            </param>
            <param index="9">
              <value>
                <![CDATA[India]]>
              </value>
            </param>
            <param index="10">
              <value>
                <![CDATA[Goa]]>
              </value>
            </param>
          </params>
          <exception class="java.lang.AssertionError">
            <message>
              <![CDATA[expected [Thank you for your interest in Coursera for Campus] but found [Strengthen employability to attract more students]]]>
            </message>
            <full-stacktrace>
              <![CDATA[java.lang.AssertionError: expected [Thank you for your interest in Coursera for Campus] but found [Strengthen employability to attract more students]
at org.testng.Assert.fail(Assert.java:111)
at org.testng.Assert.failNotEquals(Assert.java:1590)
at org.testng.Assert.assertEqualsImpl(Assert.java:150)
at org.testng.Assert.assertEquals(Assert.java:132)
at org.testng.Assert.assertEquals(Assert.java:656)
at org.testng.Assert.assertEquals(Assert.java:666)
at testCases.TC_002_SecondTestCase.fill_details(TC_002_SecondTestCase.java:47)
at java.base/jdk.internal.reflect.DirectMethodHandleAccessor.invoke(DirectMethodHandleAccessor.java:103)
at java.base/java.lang.reflect.Method.invoke(Method.java:580)
at org.testng.internal.invokers.MethodInvocationHelper.invokeMethod(MethodInvocationHelper.java:141)
at org.testng.internal.invokers.TestInvoker.invokeMethod(TestInvoker.java:687)
at org.testng.internal.invokers.TestInvoker.invokeTestMethod(TestInvoker.java:230)
at org.testng.internal.invokers.MethodRunner.runInSequence(MethodRunner.java:63)
at org.testng.internal.invokers.TestInvoker$MethodInvocationAgent.invoke(TestInvoker.java:995)
at org.testng.internal.invokers.TestInvoker.invokeTestMethods(TestInvoker.java:203)
at org.testng.internal.invokers.TestMethodWorker.invokeTestMethods(TestMethodWorker.java:154)
at org.testng.internal.invokers.TestMethodWorker.run(TestMethodWorker.java:134)
at java.base/java.util.ArrayList.forEach(ArrayList.java:1596)
at org.testng.TestRunner.privateRun(TestRunner.java:741)
at org.testng.TestRunner.run(TestRunner.java:616)
at org.testng.SuiteRunner.runTest(SuiteRunner.java:421)
at org.testng.SuiteRunner.runSequentially(SuiteRunner.java:413)
at org.testng.SuiteRunner.privateRun(SuiteRunner.java:373)
at org.testng.SuiteRunner.run(SuiteRunner.java:312)
at org.testng.SuiteRunnerWorker.runSuite(SuiteRunnerWorker.java:52)
at org.testng.SuiteRunnerWorker.run(SuiteRunnerWorker.java:95)
at org.testng.TestNG.runSuitesSequentially(TestNG.java:1274)
at org.testng.TestNG.runSuitesLocally(TestNG.java:1208)
at org.testng.TestNG.runSuites(TestNG.java:1112)
at org.testng.TestNG.run(TestNG.java:1079)
at org.testng.remote.AbstractRemoteTestNG.run(AbstractRemoteTestNG.java:115)
at org.testng.remote.RemoteTestNG.initAndRun(RemoteTestNG.java:293)
at org.testng.remote.RemoteTestNG.main(RemoteTestNG.java:91)
]]>
            </full-stacktrace>
          </exception> <!-- java.lang.AssertionError -->
          <reporter-output>
          </reporter-output>
        </test-method> <!-- fill_details -->
        <test-method is-config="true" signature="tearDown()[pri:0, instance:testCases.TC_002_SecondTestCase@1c1bbc4e]" started-at="2025-07-15T17:42:44 IST" name="tearDown" finished-at="2025-07-15T17:42:50 IST" duration-ms="5444" status="PASS">
          <reporter-output>
          </reporter-output>
        </test-method> <!-- tearDown -->
      </class> <!-- testCases.TC_002_SecondTestCase -->
    </test> <!-- Test1 -->
  </suite> <!-- Suite -->
</testng-results>
